

Started GET "/" for ::1 at 2016-04-25 14:45:17 -0400
Processing by NeuralNetworkController#index as HTML
  Rendered neural_network/index.html.haml within layouts/application (9.5ms)
Completed 200 OK in 2429ms (Views: 2395.1ms | ActiveRecord: 0.0ms)


Started GET "/neural_network/compare_websites" for ::1 at 2016-04-25 14:59:45 -0400
Processing by NeuralNetworkController#compare_websites as HTML
  Rendered neural_network/compare_websites.html.haml within layouts/application (424.6ms)
Completed 200 OK in 820ms (Views: 819.3ms | ActiveRecord: 0.0ms)


Started POST "/neural_network/compare_websites_update" for ::1 at 2016-04-25 14:59:51 -0400
Processing by NeuralNetworkController#compare_websites_update as HTML
  Parameters: {"utf8"=>"✓", "authenticity_token"=>"brGwvbNhVMY8RKdiD2RNThgJgDCa8BBNO2X3tLbM8IF6bw4pWxxyczprGXBMaeA6EqMNfbgKgliHyP9yslgcwg==", "compare_websites"=>{"web_page_link_1"=>"facebook.com", "web_page_link_2"=>"twitter.com"}, "commit"=>"Compare Wesbsites"}
Redirected to http://localhost:3000/neural_network/show_websites
Completed 302 Found in 120682ms (ActiveRecord: 0.0ms)


Started GET "/neural_network/show_websites" for ::1 at 2016-04-25 15:01:52 -0400
Processing by NeuralNetworkController#show_websites as HTML
  Rendered neural_network/show_websites.html.haml within layouts/application (85.1ms)
Completed 200 OK in 345ms (Views: 326.6ms | ActiveRecord: 0.0ms)


Started GET "/assets/screenshot_2-d81e2c414233e987cb61295f2687b166cedd9616a19edf80697d06e02697e5e5.png" for ::1 at 2016-04-25 15:01:54 -0400


Started GET "/neural_network/train" for ::1 at 2016-04-25 15:02:59 -0400
Processing by NeuralNetworkController#train as HTML
  Rendered neural_network/train.html.haml within layouts/application (32.7ms)
Completed 200 OK in 13888ms (Views: 206.1ms | ActiveRecord: 0.0ms)


Started GET "/assets/screenshot_1-3df4fea23a7712b0b16d256e637e81de7b7c1fca4bdcc6ff63832f70f220c0d7.png" for ::1 at 2016-04-25 15:03:13 -0400


Started GET "/assets/screenshot_2-5915a4965fa939d805c0e625d81decfea36e8f41f4b7ddeff5ec6952c64cdca0.png" for ::1 at 2016-04-25 15:03:13 -0400


Started GET "/neural_network/train_update?best_image=1" for ::1 at 2016-04-25 15:03:22 -0400
Processing by NeuralNetworkController#train_update as HTML
  Parameters: {"best_image"=>"1"}
Redirected to http://localhost:3000/neural_network/train
Completed 302 Found in 28ms (ActiveRecord: 0.0ms)


Started GET "/neural_network/train" for ::1 at 2016-04-25 15:03:22 -0400
Processing by NeuralNetworkController#train as HTML
  Rendered neural_network/train.html.haml within layouts/application (36.4ms)
Completed 200 OK in 67772ms (Views: 183.7ms | ActiveRecord: 0.0ms)


Started GET "/assets/screenshot_2-b4e3c00d513bf0db0d2ba6ec3fe457137c934ae807cb99894ce60d2f9c72821c.png" for ::1 at 2016-04-25 15:04:29 -0400


Started GET "/assets/screenshot_1-3476e976fa12353b6a9cf48b2833294d4c1355e445bbbf1d06987f265239b5e8.png" for ::1 at 2016-04-25 15:04:30 -0400


Started GET "/neural_network/compare_websites" for ::1 at 2016-04-25 15:08:19 -0400
Processing by NeuralNetworkController#compare_websites as HTML
  Rendered neural_network/compare_websites.html.haml within layouts/application (10.9ms)
Completed 200 OK in 153ms (Views: 152.0ms | ActiveRecord: 0.0ms)


Started GET "/neural_network/show_websites" for ::1 at 2016-04-25 15:08:26 -0400
Processing by NeuralNetworkController#show_websites as HTML
  Rendered neural_network/show_websites.html.haml within layouts/application (8.9ms)
Completed 200 OK in 165ms (Views: 164.4ms | ActiveRecord: 0.0ms)


Started GET "/neural_network/show_websites" for ::1 at 2016-04-25 15:08:26 -0400
Processing by NeuralNetworkController#show_websites as HTML
  Rendered neural_network/show_websites.html.haml within layouts/application (13.4ms)
Completed 200 OK in 171ms (Views: 170.1ms | ActiveRecord: 0.0ms)


Started GET "/" for ::1 at 2016-04-27 15:36:43 -0400
Processing by NeuralNetworkController#index as HTML
  Rendered neural_network/index.html.haml within layouts/application (10.3ms)
Completed 200 OK in 2382ms (Views: 2352.5ms | ActiveRecord: 0.0ms)


Started GET "/assets/twitter-bootstrap-static/bootstrap.self-603f330c29af013305325569c8c75d03d688963abd8cde4fffec17b5ce417bfb.css?body=1" for ::1 at 2016-04-27 15:36:47 -0400


Started GET "/assets/twitter-bootstrap-static/sprites.self-556e1741ff6d22f63fe0be609679c8f06ffc45eabc31836b6b785475bb283b84.css?body=1" for ::1 at 2016-04-27 15:36:47 -0400


Started GET "/assets/bootstrap_and_overrides.self-f5a90d20e5090d64763dcfad94d947343b9898d7a030bb466e9247e00ca06c27.css?body=1" for ::1 at 2016-04-27 15:36:47 -0400


Started GET "/assets/neural_network.self-d1547b2aff5576fcc903b6386b33eba00d335f1e5e87d8e60c8158bcc2793b40.css?body=1" for ::1 at 2016-04-27 15:36:47 -0400


Started GET "/assets/spinner.self-a2f151e13eb7ecaa7455c71c644b24b349e31d5cea21f90c94d1be6354e49ee7.css?body=1" for ::1 at 2016-04-27 15:36:47 -0400


Started GET "/assets/application.self-e80e8f2318043e8af94dddc2adad5a4f09739a8ebb323b3ab31cd71d45fd9113.css?body=1" for ::1 at 2016-04-27 15:36:47 -0400


Started GET "/assets/jquery.self-660adc51e0224b731d29f575a6f1ec167ba08ad06ed5deca4f1e8654c135bf4c.js?body=1" for ::1 at 2016-04-27 15:36:47 -0400


Started GET "/assets/jquery_ujs.self-e87806d0cf4489aeb1bb7288016024e8de67fd18db693fe026fe3907581e53cd.js?body=1" for ::1 at 2016-04-27 15:36:47 -0400


Started GET "/assets/twitter/bootstrap/transition.self-3b268d4cd8c79e46ded7392885f72f64ffb5b0d49948a12b8cf9779f6163e13a.js?body=1" for ::1 at 2016-04-27 15:36:47 -0400


Started GET "/assets/twitter/bootstrap/alert.self-d8b7bd612b3dcfdefb7b5539b9d5848d66ccbd3e7af8bb8d48bfb3288aaa7be8.js?body=1" for ::1 at 2016-04-27 15:36:47 -0400


Started GET "/assets/twitter/bootstrap/modal.self-62463080dba6b9d024ff0a3192da0e76eacbc683194f3395047c6f5cfa0acb59.js?body=1" for ::1 at 2016-04-27 15:36:47 -0400


Started GET "/assets/twitter/bootstrap/dropdown.self-e56c2ffee4618411d43ecf15c89273f6223847ad756e1cd17545d04afa732ed4.js?body=1" for ::1 at 2016-04-27 15:36:47 -0400


Started GET "/assets/twitter/bootstrap/scrollspy.self-52afd90e8ba97d9f08617a13986e8869d6c4a45751c0bff59a6f91241e722aca.js?body=1" for ::1 at 2016-04-27 15:36:47 -0400


Started GET "/assets/twitter/bootstrap/tab.self-dad0d5c377f9fae26394484535ebb23ccf68afae084f896af6ea4cdf8c9f6ae0.js?body=1" for ::1 at 2016-04-27 15:36:47 -0400


Started GET "/assets/twitter/bootstrap/tooltip.self-facdc69246a072acb927ded77ff655f7c27a518b9357fddd45d119fbc8a0ab9f.js?body=1" for ::1 at 2016-04-27 15:36:47 -0400


Started GET "/assets/twitter/bootstrap/popover.self-210cff1fb4b72b71a29b5122180cb5937c8145cd13a934dc838280f1d9607a3e.js?body=1" for ::1 at 2016-04-27 15:36:47 -0400


Started GET "/assets/twitter/bootstrap/button.self-e74d33ba39500940a78d6fa4d2d64f6ca7fd86d60a2149641f7fde7ba711d8a1.js?body=1" for ::1 at 2016-04-27 15:36:47 -0400


Started GET "/assets/twitter/bootstrap/collapse.self-056c40532d9f0f126ec17e839f60c942f573fbd61a086e7f156306e3fc5e8c1f.js?body=1" for ::1 at 2016-04-27 15:36:47 -0400


Started GET "/assets/twitter/bootstrap/carousel.self-35d204878d906298e55bc24553e11fd89b980fc4ffe5792fe36af8c0da289c54.js?body=1" for ::1 at 2016-04-27 15:36:47 -0400


Started GET "/assets/twitter/bootstrap/affix.self-3555752f8a930795ee9e56751a52e6871104ae85d01b3ab8363da3802a5ecc78.js?body=1" for ::1 at 2016-04-27 15:36:47 -0400


Started GET "/assets/twitter/bootstrap.self-fbfa5ad7d9aa0afe439ec4ff3883acc4cb92b62cb67c40d674320c9aa1d4642d.js?body=1" for ::1 at 2016-04-27 15:36:47 -0400


Started GET "/assets/neural_network.self-216d04c4f0e19cbdfd720f5a10220d470adc36ef49d4cccd753c9374a8bba9e4.js?body=1" for ::1 at 2016-04-27 15:36:47 -0400


Started GET "/assets/bootstrap.self-fdc98dee79ee88255e10cac6caa91338165cb76cf0d263744d8d90011fc2ef8f.js?body=1" for ::1 at 2016-04-27 15:36:47 -0400


Started GET "/assets/turbolinks.self-c37727e9bd6b2735da5c311aa83fead54ed0be6cc8bd9a65309e9c5abe2cbfff.js?body=1" for ::1 at 2016-04-27 15:36:47 -0400


Started GET "/assets/application.self-7862a8a8b42407b4741a1adeeea35f0d13ddc4f702ec532adb0674491d296495.js?body=1" for ::1 at 2016-04-27 15:36:47 -0400


Started GET "/images/favicon.ico" for ::1 at 2016-04-27 15:36:48 -0400

ActionController::RoutingError (No route matches [GET] "/images/favicon.ico"):
  vendor/ruby/2.2.0/gems/actionpack-4.2.1/lib/action_dispatch/middleware/debug_exceptions.rb:21:in `call'
  vendor/ruby/2.2.0/gems/web-console-2.3.0/lib/web_console/middleware.rb:28:in `block in call'
  vendor/ruby/2.2.0/gems/web-console-2.3.0/lib/web_console/middleware.rb:18:in `catch'
  vendor/ruby/2.2.0/gems/web-console-2.3.0/lib/web_console/middleware.rb:18:in `call'
  vendor/ruby/2.2.0/gems/actionpack-4.2.1/lib/action_dispatch/middleware/show_exceptions.rb:30:in `call'
  vendor/ruby/2.2.0/gems/railties-4.2.1/lib/rails/rack/logger.rb:38:in `call_app'
  vendor/ruby/2.2.0/gems/railties-4.2.1/lib/rails/rack/logger.rb:20:in `block in call'
  vendor/ruby/2.2.0/gems/activesupport-4.2.1/lib/active_support/tagged_logging.rb:68:in `block in tagged'
  vendor/ruby/2.2.0/gems/activesupport-4.2.1/lib/active_support/tagged_logging.rb:26:in `tagged'
  vendor/ruby/2.2.0/gems/activesupport-4.2.1/lib/active_support/tagged_logging.rb:68:in `tagged'
  vendor/ruby/2.2.0/gems/railties-4.2.1/lib/rails/rack/logger.rb:20:in `call'
  vendor/ruby/2.2.0/gems/actionpack-4.2.1/lib/action_dispatch/middleware/request_id.rb:21:in `call'
  vendor/ruby/2.2.0/gems/rack-1.6.4/lib/rack/methodoverride.rb:22:in `call'
  vendor/ruby/2.2.0/gems/rack-1.6.4/lib/rack/runtime.rb:18:in `call'
  vendor/ruby/2.2.0/gems/activesupport-4.2.1/lib/active_support/cache/strategy/local_cache_middleware.rb:28:in `call'
  vendor/ruby/2.2.0/gems/rack-1.6.4/lib/rack/lock.rb:17:in `call'
  vendor/ruby/2.2.0/gems/actionpack-4.2.1/lib/action_dispatch/middleware/static.rb:113:in `call'
  vendor/ruby/2.2.0/gems/rack-1.6.4/lib/rack/sendfile.rb:113:in `call'
  vendor/ruby/2.2.0/gems/railties-4.2.1/lib/rails/engine.rb:518:in `call'
  vendor/ruby/2.2.0/gems/railties-4.2.1/lib/rails/application.rb:164:in `call'
  vendor/ruby/2.2.0/gems/rack-1.6.4/lib/rack/lock.rb:17:in `call'
  vendor/ruby/2.2.0/gems/rack-1.6.4/lib/rack/content_length.rb:15:in `call'
  vendor/ruby/2.2.0/gems/rack-1.6.4/lib/rack/handler/webrick.rb:88:in `service'
  /Users/aaronbarlow/.rbenv/versions/2.2.1/lib/ruby/2.2.0/webrick/httpserver.rb:138:in `service'
  /Users/aaronbarlow/.rbenv/versions/2.2.1/lib/ruby/2.2.0/webrick/httpserver.rb:94:in `run'
  /Users/aaronbarlow/.rbenv/versions/2.2.1/lib/ruby/2.2.0/webrick/server.rb:294:in `block in start_thread'


  Rendered vendor/ruby/2.2.0/gems/actionpack-4.2.1/lib/action_dispatch/middleware/templates/rescues/_trace.html.erb (4.0ms)
  Rendered vendor/ruby/2.2.0/gems/actionpack-4.2.1/lib/action_dispatch/middleware/templates/routes/_route.html.erb (3.3ms)
  Rendered vendor/ruby/2.2.0/gems/actionpack-4.2.1/lib/action_dispatch/middleware/templates/routes/_table.html.erb (11.1ms)
  Rendered vendor/ruby/2.2.0/gems/actionpack-4.2.1/lib/action_dispatch/middleware/templates/rescues/_request_and_response.html.erb (4.1ms)
  Rendered vendor/ruby/2.2.0/gems/actionpack-4.2.1/lib/action_dispatch/middleware/templates/rescues/routing_error.html.erb within rescues/layout (254.1ms)
  Rendered vendor/ruby/2.2.0/gems/web-console-2.3.0/lib/web_console/templates/_markup.html.erb (0.8ms)
  Rendered vendor/ruby/2.2.0/gems/web-console-2.3.0/lib/web_console/templates/_inner_console_markup.html.erb within layouts/inlined_string (0.5ms)
  Rendered vendor/ruby/2.2.0/gems/web-console-2.3.0/lib/web_console/templates/_prompt_box_markup.html.erb within layouts/inlined_string (0.4ms)
  Rendered vendor/ruby/2.2.0/gems/web-console-2.3.0/lib/web_console/templates/style.css.erb within layouts/inlined_string (0.6ms)
  Rendered vendor/ruby/2.2.0/gems/web-console-2.3.0/lib/web_console/templates/console.js.erb within layouts/javascript (214.5ms)
  Rendered vendor/ruby/2.2.0/gems/web-console-2.3.0/lib/web_console/templates/main.js.erb within layouts/javascript (0.5ms)
  Rendered vendor/ruby/2.2.0/gems/web-console-2.3.0/lib/web_console/templates/error_page.js.erb within layouts/javascript (0.7ms)
  Rendered vendor/ruby/2.2.0/gems/web-console-2.3.0/lib/web_console/templates/index.html.erb (369.4ms)
