Performing C SOURCE FILE Test OpenMP_FLAG_DETECTED failed with the following output:
Change Dir: /Users/kirolosshahat/Documents/School/CS1020/Lab7/WebComp/lib/src/CMakeFiles/CMakeTmp

Run Build Command:"/usr/bin/make" "cmTC_b37b1/fast"
/Applications/Xcode.app/Contents/Developer/usr/bin/make -f CMakeFiles/cmTC_b37b1.dir/build.make CMakeFiles/cmTC_b37b1.dir/build
Building C object CMakeFiles/cmTC_b37b1.dir/src.c.o
/Applications/Xcode.app/Contents/Developer/Toolchains/XcodeDefault.xctoolchain/usr/bin/cc    -DOpenMP_FLAG_DETECTED -fopenmp=libomp   -o CMakeFiles/cmTC_b37b1.dir/src.c.o   -c /Users/kirolosshahat/Documents/School/CS1020/Lab7/WebComp/lib/src/CMakeFiles/CMakeTmp/src.c
clang: error: unsupported argument 'libomp' to option 'fopenmp='
make[1]: *** [CMakeFiles/cmTC_b37b1.dir/src.c.o] Error 1
make: *** [cmTC_b37b1/fast] Error 2

Source file was:

#include <omp.h>
int main() {
#ifdef _OPENMP
  return 0;
#else
  breaks_on_purpose
#endif
}

Performing C SOURCE FILE Test OpenMP_FLAG_DETECTED failed with the following output:
Change Dir: /Users/kirolosshahat/Documents/School/CS1020/Lab7/WebComp/lib/src/CMakeFiles/CMakeTmp

Run Build Command:"/usr/bin/make" "cmTC_ba214/fast"
/Applications/Xcode.app/Contents/Developer/usr/bin/make -f CMakeFiles/cmTC_ba214.dir/build.make CMakeFiles/cmTC_ba214.dir/build
Building C object CMakeFiles/cmTC_ba214.dir/src.c.o
/Applications/Xcode.app/Contents/Developer/Toolchains/XcodeDefault.xctoolchain/usr/bin/cc    -DOpenMP_FLAG_DETECTED   -o CMakeFiles/cmTC_ba214.dir/src.c.o   -c /Users/kirolosshahat/Documents/School/CS1020/Lab7/WebComp/lib/src/CMakeFiles/CMakeTmp/src.c
/Users/kirolosshahat/Documents/School/CS1020/Lab7/WebComp/lib/src/CMakeFiles/CMakeTmp/src.c:2:10: fatal error: 'omp.h' file not found
#include <omp.h>
         ^
1 error generated.
make[1]: *** [CMakeFiles/cmTC_ba214.dir/src.c.o] Error 1
make: *** [cmTC_ba214/fast] Error 2

Source file was:

#include <omp.h>
int main() {
#ifdef _OPENMP
  return 0;
#else
  breaks_on_purpose
#endif
}

Performing C SOURCE FILE Test OpenMP_FLAG_DETECTED failed with the following output:
Change Dir: /Users/kirolosshahat/Documents/School/CS1020/Lab7/WebComp/lib/src/CMakeFiles/CMakeTmp

Run Build Command:"/usr/bin/make" "cmTC_3bf18/fast"
/Applications/Xcode.app/Contents/Developer/usr/bin/make -f CMakeFiles/cmTC_3bf18.dir/build.make CMakeFiles/cmTC_3bf18.dir/build
Building C object CMakeFiles/cmTC_3bf18.dir/src.c.o
/Applications/Xcode.app/Contents/Developer/Toolchains/XcodeDefault.xctoolchain/usr/bin/cc    -DOpenMP_FLAG_DETECTED -fopenmp   -o CMakeFiles/cmTC_3bf18.dir/src.c.o   -c /Users/kirolosshahat/Documents/School/CS1020/Lab7/WebComp/lib/src/CMakeFiles/CMakeTmp/src.c
clang: error: unsupported option '-fopenmp'
make[1]: *** [CMakeFiles/cmTC_3bf18.dir/src.c.o] Error 1
make: *** [cmTC_3bf18/fast] Error 2

Source file was:

#include <omp.h>
int main() {
#ifdef _OPENMP
  return 0;
#else
  breaks_on_purpose
#endif
}

Performing C SOURCE FILE Test OpenMP_FLAG_DETECTED failed with the following output:
Change Dir: /Users/kirolosshahat/Documents/School/CS1020/Lab7/WebComp/lib/src/CMakeFiles/CMakeTmp

Run Build Command:"/usr/bin/make" "cmTC_359ee/fast"
/Applications/Xcode.app/Contents/Developer/usr/bin/make -f CMakeFiles/cmTC_359ee.dir/build.make CMakeFiles/cmTC_359ee.dir/build
Building C object CMakeFiles/cmTC_359ee.dir/src.c.o
/Applications/Xcode.app/Contents/Developer/Toolchains/XcodeDefault.xctoolchain/usr/bin/cc    -DOpenMP_FLAG_DETECTED /openmp   -o CMakeFiles/cmTC_359ee.dir/src.c.o   -c /Users/kirolosshahat/Documents/School/CS1020/Lab7/WebComp/lib/src/CMakeFiles/CMakeTmp/src.c
clang: error: no such file or directory: '/openmp'
make[1]: *** [CMakeFiles/cmTC_359ee.dir/src.c.o] Error 1
make: *** [cmTC_359ee/fast] Error 2

Source file was:

#include <omp.h>
int main() {
#ifdef _OPENMP
  return 0;
#else
  breaks_on_purpose
#endif
}

Performing C SOURCE FILE Test OpenMP_FLAG_DETECTED failed with the following output:
Change Dir: /Users/kirolosshahat/Documents/School/CS1020/Lab7/WebComp/lib/src/CMakeFiles/CMakeTmp

Run Build Command:"/usr/bin/make" "cmTC_4e6a9/fast"
/Applications/Xcode.app/Contents/Developer/usr/bin/make -f CMakeFiles/cmTC_4e6a9.dir/build.make CMakeFiles/cmTC_4e6a9.dir/build
Building C object CMakeFiles/cmTC_4e6a9.dir/src.c.o
/Applications/Xcode.app/Contents/Developer/Toolchains/XcodeDefault.xctoolchain/usr/bin/cc    -DOpenMP_FLAG_DETECTED -Qopenmp   -o CMakeFiles/cmTC_4e6a9.dir/src.c.o   -c /Users/kirolosshahat/Documents/School/CS1020/Lab7/WebComp/lib/src/CMakeFiles/CMakeTmp/src.c
clang: error: unknown argument: '-Qopenmp'
make[1]: *** [CMakeFiles/cmTC_4e6a9.dir/src.c.o] Error 1
make: *** [cmTC_4e6a9/fast] Error 2

Source file was:

#include <omp.h>
int main() {
#ifdef _OPENMP
  return 0;
#else
  breaks_on_purpose
#endif
}

Performing C SOURCE FILE Test OpenMP_FLAG_DETECTED failed with the following output:
Change Dir: /Users/kirolosshahat/Documents/School/CS1020/Lab7/WebComp/lib/src/CMakeFiles/CMakeTmp

Run Build Command:"/usr/bin/make" "cmTC_b2285/fast"
/Applications/Xcode.app/Contents/Developer/usr/bin/make -f CMakeFiles/cmTC_b2285.dir/build.make CMakeFiles/cmTC_b2285.dir/build
Building C object CMakeFiles/cmTC_b2285.dir/src.c.o
/Applications/Xcode.app/Contents/Developer/Toolchains/XcodeDefault.xctoolchain/usr/bin/cc    -DOpenMP_FLAG_DETECTED -openmp   -o CMakeFiles/cmTC_b2285.dir/src.c.o   -c /Users/kirolosshahat/Documents/School/CS1020/Lab7/WebComp/lib/src/CMakeFiles/CMakeTmp/src.c
/Users/kirolosshahat/Documents/School/CS1020/Lab7/WebComp/lib/src/CMakeFiles/CMakeTmp/src.c:2:10: fatal error: 'omp.h' file not found
#include <omp.h>
         ^
1 error generated.
make[1]: *** [CMakeFiles/cmTC_b2285.dir/src.c.o] Error 1
make: *** [cmTC_b2285/fast] Error 2

Source file was:

#include <omp.h>
int main() {
#ifdef _OPENMP
  return 0;
#else
  breaks_on_purpose
#endif
}

Performing C SOURCE FILE Test OpenMP_FLAG_DETECTED failed with the following output:
Change Dir: /Users/kirolosshahat/Documents/School/CS1020/Lab7/WebComp/lib/src/CMakeFiles/CMakeTmp

Run Build Command:"/usr/bin/make" "cmTC_56238/fast"
/Applications/Xcode.app/Contents/Developer/usr/bin/make -f CMakeFiles/cmTC_56238.dir/build.make CMakeFiles/cmTC_56238.dir/build
Building C object CMakeFiles/cmTC_56238.dir/src.c.o
/Applications/Xcode.app/Contents/Developer/Toolchains/XcodeDefault.xctoolchain/usr/bin/cc    -DOpenMP_FLAG_DETECTED -xopenmp   -o CMakeFiles/cmTC_56238.dir/src.c.o   -c /Users/kirolosshahat/Documents/School/CS1020/Lab7/WebComp/lib/src/CMakeFiles/CMakeTmp/src.c
clang: error: language not recognized: 'openmp'
clang: warning: /Users/kirolosshahat/Documents/School/CS1020/Lab7/WebComp/lib/src/CMakeFiles/CMakeTmp/src.c: 'linker' input unused
make[1]: *** [CMakeFiles/cmTC_56238.dir/src.c.o] Error 1
make: *** [cmTC_56238/fast] Error 2

Source file was:

#include <omp.h>
int main() {
#ifdef _OPENMP
  return 0;
#else
  breaks_on_purpose
#endif
}

Performing C SOURCE FILE Test OpenMP_FLAG_DETECTED failed with the following output:
Change Dir: /Users/kirolosshahat/Documents/School/CS1020/Lab7/WebComp/lib/src/CMakeFiles/CMakeTmp

Run Build Command:"/usr/bin/make" "cmTC_60ba2/fast"
/Applications/Xcode.app/Contents/Developer/usr/bin/make -f CMakeFiles/cmTC_60ba2.dir/build.make CMakeFiles/cmTC_60ba2.dir/build
Building C object CMakeFiles/cmTC_60ba2.dir/src.c.o
/Applications/Xcode.app/Contents/Developer/Toolchains/XcodeDefault.xctoolchain/usr/bin/cc    -DOpenMP_FLAG_DETECTED +Oopenmp   -o CMakeFiles/cmTC_60ba2.dir/src.c.o   -c /Users/kirolosshahat/Documents/School/CS1020/Lab7/WebComp/lib/src/CMakeFiles/CMakeTmp/src.c
clang: error: no such file or directory: '+Oopenmp'
make[1]: *** [CMakeFiles/cmTC_60ba2.dir/src.c.o] Error 1
make: *** [cmTC_60ba2/fast] Error 2

Source file was:

#include <omp.h>
int main() {
#ifdef _OPENMP
  return 0;
#else
  breaks_on_purpose
#endif
}

Performing C SOURCE FILE Test OpenMP_FLAG_DETECTED failed with the following output:
Change Dir: /Users/kirolosshahat/Documents/School/CS1020/Lab7/WebComp/lib/src/CMakeFiles/CMakeTmp

Run Build Command:"/usr/bin/make" "cmTC_b73cc/fast"
/Applications/Xcode.app/Contents/Developer/usr/bin/make -f CMakeFiles/cmTC_b73cc.dir/build.make CMakeFiles/cmTC_b73cc.dir/build
Building C object CMakeFiles/cmTC_b73cc.dir/src.c.o
/Applications/Xcode.app/Contents/Developer/Toolchains/XcodeDefault.xctoolchain/usr/bin/cc    -DOpenMP_FLAG_DETECTED -qsmp   -o CMakeFiles/cmTC_b73cc.dir/src.c.o   -c /Users/kirolosshahat/Documents/School/CS1020/Lab7/WebComp/lib/src/CMakeFiles/CMakeTmp/src.c
clang: error: unknown argument: '-qsmp'
make[1]: *** [CMakeFiles/cmTC_b73cc.dir/src.c.o] Error 1
make: *** [cmTC_b73cc/fast] Error 2

Source file was:

#include <omp.h>
int main() {
#ifdef _OPENMP
  return 0;
#else
  breaks_on_purpose
#endif
}

Performing C SOURCE FILE Test OpenMP_FLAG_DETECTED failed with the following output:
Change Dir: /Users/kirolosshahat/Documents/School/CS1020/Lab7/WebComp/lib/src/CMakeFiles/CMakeTmp

Run Build Command:"/usr/bin/make" "cmTC_796b3/fast"
/Applications/Xcode.app/Contents/Developer/usr/bin/make -f CMakeFiles/cmTC_796b3.dir/build.make CMakeFiles/cmTC_796b3.dir/build
Building C object CMakeFiles/cmTC_796b3.dir/src.c.o
/Applications/Xcode.app/Contents/Developer/Toolchains/XcodeDefault.xctoolchain/usr/bin/cc    -DOpenMP_FLAG_DETECTED -mp   -o CMakeFiles/cmTC_796b3.dir/src.c.o   -c /Users/kirolosshahat/Documents/School/CS1020/Lab7/WebComp/lib/src/CMakeFiles/CMakeTmp/src.c
clang: error: unknown argument: '-mp'
make[1]: *** [CMakeFiles/cmTC_796b3.dir/src.c.o] Error 1
make: *** [cmTC_796b3/fast] Error 2

Source file was:

#include <omp.h>
int main() {
#ifdef _OPENMP
  return 0;
#else
  breaks_on_purpose
#endif
}

Performing C++ SOURCE FILE Test OpenMP_FLAG_DETECTED failed with the following output:
Change Dir: /Users/kirolosshahat/Documents/School/CS1020/Lab7/WebComp/lib/src/CMakeFiles/CMakeTmp

Run Build Command:"/usr/bin/make" "cmTC_7d6f5/fast"
/Applications/Xcode.app/Contents/Developer/usr/bin/make -f CMakeFiles/cmTC_7d6f5.dir/build.make CMakeFiles/cmTC_7d6f5.dir/build
Building CXX object CMakeFiles/cmTC_7d6f5.dir/src.cxx.o
/Applications/Xcode.app/Contents/Developer/Toolchains/XcodeDefault.xctoolchain/usr/bin/c++     -DOpenMP_FLAG_DETECTED -fopenmp=libomp   -o CMakeFiles/cmTC_7d6f5.dir/src.cxx.o -c /Users/kirolosshahat/Documents/School/CS1020/Lab7/WebComp/lib/src/CMakeFiles/CMakeTmp/src.cxx
clang: error: unsupported argument 'libomp' to option 'fopenmp='
make[1]: *** [CMakeFiles/cmTC_7d6f5.dir/src.cxx.o] Error 1
make: *** [cmTC_7d6f5/fast] Error 2

Source file was:

#include <omp.h>
int main() {
#ifdef _OPENMP
  return 0;
#else
  breaks_on_purpose
#endif
}

Performing C++ SOURCE FILE Test OpenMP_FLAG_DETECTED failed with the following output:
Change Dir: /Users/kirolosshahat/Documents/School/CS1020/Lab7/WebComp/lib/src/CMakeFiles/CMakeTmp

Run Build Command:"/usr/bin/make" "cmTC_39cf7/fast"
/Applications/Xcode.app/Contents/Developer/usr/bin/make -f CMakeFiles/cmTC_39cf7.dir/build.make CMakeFiles/cmTC_39cf7.dir/build
Building CXX object CMakeFiles/cmTC_39cf7.dir/src.cxx.o
/Applications/Xcode.app/Contents/Developer/Toolchains/XcodeDefault.xctoolchain/usr/bin/c++     -DOpenMP_FLAG_DETECTED   -o CMakeFiles/cmTC_39cf7.dir/src.cxx.o -c /Users/kirolosshahat/Documents/School/CS1020/Lab7/WebComp/lib/src/CMakeFiles/CMakeTmp/src.cxx
/Users/kirolosshahat/Documents/School/CS1020/Lab7/WebComp/lib/src/CMakeFiles/CMakeTmp/src.cxx:2:10: fatal error: 'omp.h' file not found
#include <omp.h>
         ^
1 error generated.
make[1]: *** [CMakeFiles/cmTC_39cf7.dir/src.cxx.o] Error 1
make: *** [cmTC_39cf7/fast] Error 2

Source file was:

#include <omp.h>
int main() {
#ifdef _OPENMP
  return 0;
#else
  breaks_on_purpose
#endif
}

Performing C++ SOURCE FILE Test OpenMP_FLAG_DETECTED failed with the following output:
Change Dir: /Users/kirolosshahat/Documents/School/CS1020/Lab7/WebComp/lib/src/CMakeFiles/CMakeTmp

Run Build Command:"/usr/bin/make" "cmTC_5d30b/fast"
/Applications/Xcode.app/Contents/Developer/usr/bin/make -f CMakeFiles/cmTC_5d30b.dir/build.make CMakeFiles/cmTC_5d30b.dir/build
Building CXX object CMakeFiles/cmTC_5d30b.dir/src.cxx.o
/Applications/Xcode.app/Contents/Developer/Toolchains/XcodeDefault.xctoolchain/usr/bin/c++     -DOpenMP_FLAG_DETECTED -fopenmp   -o CMakeFiles/cmTC_5d30b.dir/src.cxx.o -c /Users/kirolosshahat/Documents/School/CS1020/Lab7/WebComp/lib/src/CMakeFiles/CMakeTmp/src.cxx
clang: error: unsupported option '-fopenmp'
make[1]: *** [CMakeFiles/cmTC_5d30b.dir/src.cxx.o] Error 1
make: *** [cmTC_5d30b/fast] Error 2

Source file was:

#include <omp.h>
int main() {
#ifdef _OPENMP
  return 0;
#else
  breaks_on_purpose
#endif
}

Performing C++ SOURCE FILE Test OpenMP_FLAG_DETECTED failed with the following output:
Change Dir: /Users/kirolosshahat/Documents/School/CS1020/Lab7/WebComp/lib/src/CMakeFiles/CMakeTmp

Run Build Command:"/usr/bin/make" "cmTC_5bec1/fast"
/Applications/Xcode.app/Contents/Developer/usr/bin/make -f CMakeFiles/cmTC_5bec1.dir/build.make CMakeFiles/cmTC_5bec1.dir/build
Building CXX object CMakeFiles/cmTC_5bec1.dir/src.cxx.o
/Applications/Xcode.app/Contents/Developer/Toolchains/XcodeDefault.xctoolchain/usr/bin/c++     -DOpenMP_FLAG_DETECTED /openmp   -o CMakeFiles/cmTC_5bec1.dir/src.cxx.o -c /Users/kirolosshahat/Documents/School/CS1020/Lab7/WebComp/lib/src/CMakeFiles/CMakeTmp/src.cxx
clang: error: no such file or directory: '/openmp'
make[1]: *** [CMakeFiles/cmTC_5bec1.dir/src.cxx.o] Error 1
make: *** [cmTC_5bec1/fast] Error 2

Source file was:

#include <omp.h>
int main() {
#ifdef _OPENMP
  return 0;
#else
  breaks_on_purpose
#endif
}

Performing C++ SOURCE FILE Test OpenMP_FLAG_DETECTED failed with the following output:
Change Dir: /Users/kirolosshahat/Documents/School/CS1020/Lab7/WebComp/lib/src/CMakeFiles/CMakeTmp

Run Build Command:"/usr/bin/make" "cmTC_149bb/fast"
/Applications/Xcode.app/Contents/Developer/usr/bin/make -f CMakeFiles/cmTC_149bb.dir/build.make CMakeFiles/cmTC_149bb.dir/build
Building CXX object CMakeFiles/cmTC_149bb.dir/src.cxx.o
/Applications/Xcode.app/Contents/Developer/Toolchains/XcodeDefault.xctoolchain/usr/bin/c++     -DOpenMP_FLAG_DETECTED -Qopenmp   -o CMakeFiles/cmTC_149bb.dir/src.cxx.o -c /Users/kirolosshahat/Documents/School/CS1020/Lab7/WebComp/lib/src/CMakeFiles/CMakeTmp/src.cxx
clang: error: unknown argument: '-Qopenmp'
make[1]: *** [CMakeFiles/cmTC_149bb.dir/src.cxx.o] Error 1
make: *** [cmTC_149bb/fast] Error 2

Source file was:

#include <omp.h>
int main() {
#ifdef _OPENMP
  return 0;
#else
  breaks_on_purpose
#endif
}

Performing C++ SOURCE FILE Test OpenMP_FLAG_DETECTED failed with the following output:
Change Dir: /Users/kirolosshahat/Documents/School/CS1020/Lab7/WebComp/lib/src/CMakeFiles/CMakeTmp

Run Build Command:"/usr/bin/make" "cmTC_96ee8/fast"
/Applications/Xcode.app/Contents/Developer/usr/bin/make -f CMakeFiles/cmTC_96ee8.dir/build.make CMakeFiles/cmTC_96ee8.dir/build
Building CXX object CMakeFiles/cmTC_96ee8.dir/src.cxx.o
/Applications/Xcode.app/Contents/Developer/Toolchains/XcodeDefault.xctoolchain/usr/bin/c++     -DOpenMP_FLAG_DETECTED -openmp   -o CMakeFiles/cmTC_96ee8.dir/src.cxx.o -c /Users/kirolosshahat/Documents/School/CS1020/Lab7/WebComp/lib/src/CMakeFiles/CMakeTmp/src.cxx
/Users/kirolosshahat/Documents/School/CS1020/Lab7/WebComp/lib/src/CMakeFiles/CMakeTmp/src.cxx:2:10: fatal error: 'omp.h' file not found
#include <omp.h>
         ^
1 error generated.
make[1]: *** [CMakeFiles/cmTC_96ee8.dir/src.cxx.o] Error 1
make: *** [cmTC_96ee8/fast] Error 2

Source file was:

#include <omp.h>
int main() {
#ifdef _OPENMP
  return 0;
#else
  breaks_on_purpose
#endif
}

Performing C++ SOURCE FILE Test OpenMP_FLAG_DETECTED failed with the following output:
Change Dir: /Users/kirolosshahat/Documents/School/CS1020/Lab7/WebComp/lib/src/CMakeFiles/CMakeTmp

Run Build Command:"/usr/bin/make" "cmTC_dff57/fast"
/Applications/Xcode.app/Contents/Developer/usr/bin/make -f CMakeFiles/cmTC_dff57.dir/build.make CMakeFiles/cmTC_dff57.dir/build
Building CXX object CMakeFiles/cmTC_dff57.dir/src.cxx.o
/Applications/Xcode.app/Contents/Developer/Toolchains/XcodeDefault.xctoolchain/usr/bin/c++     -DOpenMP_FLAG_DETECTED -xopenmp   -o CMakeFiles/cmTC_dff57.dir/src.cxx.o -c /Users/kirolosshahat/Documents/School/CS1020/Lab7/WebComp/lib/src/CMakeFiles/CMakeTmp/src.cxx
clang: error: language not recognized: 'openmp'
clang: warning: /Users/kirolosshahat/Documents/School/CS1020/Lab7/WebComp/lib/src/CMakeFiles/CMakeTmp/src.cxx: 'linker' input unused
make[1]: *** [CMakeFiles/cmTC_dff57.dir/src.cxx.o] Error 1
make: *** [cmTC_dff57/fast] Error 2

Source file was:

#include <omp.h>
int main() {
#ifdef _OPENMP
  return 0;
#else
  breaks_on_purpose
#endif
}

Performing C++ SOURCE FILE Test OpenMP_FLAG_DETECTED failed with the following output:
Change Dir: /Users/kirolosshahat/Documents/School/CS1020/Lab7/WebComp/lib/src/CMakeFiles/CMakeTmp

Run Build Command:"/usr/bin/make" "cmTC_18187/fast"
/Applications/Xcode.app/Contents/Developer/usr/bin/make -f CMakeFiles/cmTC_18187.dir/build.make CMakeFiles/cmTC_18187.dir/build
Building CXX object CMakeFiles/cmTC_18187.dir/src.cxx.o
/Applications/Xcode.app/Contents/Developer/Toolchains/XcodeDefault.xctoolchain/usr/bin/c++     -DOpenMP_FLAG_DETECTED +Oopenmp   -o CMakeFiles/cmTC_18187.dir/src.cxx.o -c /Users/kirolosshahat/Documents/School/CS1020/Lab7/WebComp/lib/src/CMakeFiles/CMakeTmp/src.cxx
clang: error: no such file or directory: '+Oopenmp'
make[1]: *** [CMakeFiles/cmTC_18187.dir/src.cxx.o] Error 1
make: *** [cmTC_18187/fast] Error 2

Source file was:

#include <omp.h>
int main() {
#ifdef _OPENMP
  return 0;
#else
  breaks_on_purpose
#endif
}

Performing C++ SOURCE FILE Test OpenMP_FLAG_DETECTED failed with the following output:
Change Dir: /Users/kirolosshahat/Documents/School/CS1020/Lab7/WebComp/lib/src/CMakeFiles/CMakeTmp

Run Build Command:"/usr/bin/make" "cmTC_4e82b/fast"
/Applications/Xcode.app/Contents/Developer/usr/bin/make -f CMakeFiles/cmTC_4e82b.dir/build.make CMakeFiles/cmTC_4e82b.dir/build
Building CXX object CMakeFiles/cmTC_4e82b.dir/src.cxx.o
/Applications/Xcode.app/Contents/Developer/Toolchains/XcodeDefault.xctoolchain/usr/bin/c++     -DOpenMP_FLAG_DETECTED -qsmp   -o CMakeFiles/cmTC_4e82b.dir/src.cxx.o -c /Users/kirolosshahat/Documents/School/CS1020/Lab7/WebComp/lib/src/CMakeFiles/CMakeTmp/src.cxx
clang: error: unknown argument: '-qsmp'
make[1]: *** [CMakeFiles/cmTC_4e82b.dir/src.cxx.o] Error 1
make: *** [cmTC_4e82b/fast] Error 2

Source file was:

#include <omp.h>
int main() {
#ifdef _OPENMP
  return 0;
#else
  breaks_on_purpose
#endif
}

Performing C++ SOURCE FILE Test OpenMP_FLAG_DETECTED failed with the following output:
Change Dir: /Users/kirolosshahat/Documents/School/CS1020/Lab7/WebComp/lib/src/CMakeFiles/CMakeTmp

Run Build Command:"/usr/bin/make" "cmTC_af54f/fast"
/Applications/Xcode.app/Contents/Developer/usr/bin/make -f CMakeFiles/cmTC_af54f.dir/build.make CMakeFiles/cmTC_af54f.dir/build
Building CXX object CMakeFiles/cmTC_af54f.dir/src.cxx.o
/Applications/Xcode.app/Contents/Developer/Toolchains/XcodeDefault.xctoolchain/usr/bin/c++     -DOpenMP_FLAG_DETECTED -mp   -o CMakeFiles/cmTC_af54f.dir/src.cxx.o -c /Users/kirolosshahat/Documents/School/CS1020/Lab7/WebComp/lib/src/CMakeFiles/CMakeTmp/src.cxx
clang: error: unknown argument: '-mp'
make[1]: *** [CMakeFiles/cmTC_af54f.dir/src.cxx.o] Error 1
make: *** [cmTC_af54f/fast] Error 2

Source file was:

#include <omp.h>
int main() {
#ifdef _OPENMP
  return 0;
#else
  breaks_on_purpose
#endif
}

