Performing C SOURCE FILE Test OpenMP_FLAG_DETECTED failed with the following output:
Change Dir: /Users/davidanthonydasilva/Desktop/WebComp/lib/fann-master/CMakeFiles/CMakeTmp

Run Build Command:"/usr/bin/make" "cmTC_27e41/fast"
/Applications/Xcode.app/Contents/Developer/usr/bin/make -f CMakeFiles/cmTC_27e41.dir/build.make CMakeFiles/cmTC_27e41.dir/build
Building C object CMakeFiles/cmTC_27e41.dir/src.c.o
/Applications/Xcode.app/Contents/Developer/Toolchains/XcodeDefault.xctoolchain/usr/bin/cc    -DOpenMP_FLAG_DETECTED -fopenmp=libomp   -o CMakeFiles/cmTC_27e41.dir/src.c.o   -c /Users/davidanthonydasilva/Desktop/WebComp/lib/fann-master/CMakeFiles/CMakeTmp/src.c
clang: warning: argument unused during compilation: '-fopenmp=libomp'
/Users/davidanthonydasilva/Desktop/WebComp/lib/fann-master/CMakeFiles/CMakeTmp/src.c:2:10: fatal error: 'omp.h' file not found
#include <omp.h>
         ^
1 error generated.
make[1]: *** [CMakeFiles/cmTC_27e41.dir/src.c.o] Error 1
make: *** [cmTC_27e41/fast] Error 2

Source file was:

#include <omp.h>
int main() {
#ifdef _OPENMP
  return 0;
#else
  breaks_on_purpose
#endif
}

Performing C SOURCE FILE Test OpenMP_FLAG_DETECTED failed with the following output:
Change Dir: /Users/davidanthonydasilva/Desktop/WebComp/lib/fann-master/CMakeFiles/CMakeTmp

Run Build Command:"/usr/bin/make" "cmTC_e1cef/fast"
/Applications/Xcode.app/Contents/Developer/usr/bin/make -f CMakeFiles/cmTC_e1cef.dir/build.make CMakeFiles/cmTC_e1cef.dir/build
Building C object CMakeFiles/cmTC_e1cef.dir/src.c.o
/Applications/Xcode.app/Contents/Developer/Toolchains/XcodeDefault.xctoolchain/usr/bin/cc    -DOpenMP_FLAG_DETECTED   -o CMakeFiles/cmTC_e1cef.dir/src.c.o   -c /Users/davidanthonydasilva/Desktop/WebComp/lib/fann-master/CMakeFiles/CMakeTmp/src.c
/Users/davidanthonydasilva/Desktop/WebComp/lib/fann-master/CMakeFiles/CMakeTmp/src.c:2:10: fatal error: 'omp.h' file not found
#include <omp.h>
         ^
1 error generated.
make[1]: *** [CMakeFiles/cmTC_e1cef.dir/src.c.o] Error 1
make: *** [cmTC_e1cef/fast] Error 2

Source file was:

#include <omp.h>
int main() {
#ifdef _OPENMP
  return 0;
#else
  breaks_on_purpose
#endif
}

Performing C SOURCE FILE Test OpenMP_FLAG_DETECTED failed with the following output:
Change Dir: /Users/davidanthonydasilva/Desktop/WebComp/lib/fann-master/CMakeFiles/CMakeTmp

Run Build Command:"/usr/bin/make" "cmTC_d4286/fast"
/Applications/Xcode.app/Contents/Developer/usr/bin/make -f CMakeFiles/cmTC_d4286.dir/build.make CMakeFiles/cmTC_d4286.dir/build
Building C object CMakeFiles/cmTC_d4286.dir/src.c.o
/Applications/Xcode.app/Contents/Developer/Toolchains/XcodeDefault.xctoolchain/usr/bin/cc    -DOpenMP_FLAG_DETECTED -fopenmp   -o CMakeFiles/cmTC_d4286.dir/src.c.o   -c /Users/davidanthonydasilva/Desktop/WebComp/lib/fann-master/CMakeFiles/CMakeTmp/src.c
/Users/davidanthonydasilva/Desktop/WebComp/lib/fann-master/CMakeFiles/CMakeTmp/src.c:2:10: fatal error: 'omp.h' file not found
#include <omp.h>
         ^
1 error generated.
make[1]: *** [CMakeFiles/cmTC_d4286.dir/src.c.o] Error 1
make: *** [cmTC_d4286/fast] Error 2

Source file was:

#include <omp.h>
int main() {
#ifdef _OPENMP
  return 0;
#else
  breaks_on_purpose
#endif
}

Performing C SOURCE FILE Test OpenMP_FLAG_DETECTED failed with the following output:
Change Dir: /Users/davidanthonydasilva/Desktop/WebComp/lib/fann-master/CMakeFiles/CMakeTmp

Run Build Command:"/usr/bin/make" "cmTC_74839/fast"
/Applications/Xcode.app/Contents/Developer/usr/bin/make -f CMakeFiles/cmTC_74839.dir/build.make CMakeFiles/cmTC_74839.dir/build
Building C object CMakeFiles/cmTC_74839.dir/src.c.o
/Applications/Xcode.app/Contents/Developer/Toolchains/XcodeDefault.xctoolchain/usr/bin/cc    -DOpenMP_FLAG_DETECTED /openmp   -o CMakeFiles/cmTC_74839.dir/src.c.o   -c /Users/davidanthonydasilva/Desktop/WebComp/lib/fann-master/CMakeFiles/CMakeTmp/src.c
clang: error: no such file or directory: '/openmp'
make[1]: *** [CMakeFiles/cmTC_74839.dir/src.c.o] Error 1
make: *** [cmTC_74839/fast] Error 2

Source file was:

#include <omp.h>
int main() {
#ifdef _OPENMP
  return 0;
#else
  breaks_on_purpose
#endif
}

Performing C SOURCE FILE Test OpenMP_FLAG_DETECTED failed with the following output:
Change Dir: /Users/davidanthonydasilva/Desktop/WebComp/lib/fann-master/CMakeFiles/CMakeTmp

Run Build Command:"/usr/bin/make" "cmTC_3d5e4/fast"
/Applications/Xcode.app/Contents/Developer/usr/bin/make -f CMakeFiles/cmTC_3d5e4.dir/build.make CMakeFiles/cmTC_3d5e4.dir/build
Building C object CMakeFiles/cmTC_3d5e4.dir/src.c.o
/Applications/Xcode.app/Contents/Developer/Toolchains/XcodeDefault.xctoolchain/usr/bin/cc    -DOpenMP_FLAG_DETECTED -Qopenmp   -o CMakeFiles/cmTC_3d5e4.dir/src.c.o   -c /Users/davidanthonydasilva/Desktop/WebComp/lib/fann-master/CMakeFiles/CMakeTmp/src.c
clang: error: unknown argument: '-Qopenmp'
make[1]: *** [CMakeFiles/cmTC_3d5e4.dir/src.c.o] Error 1
make: *** [cmTC_3d5e4/fast] Error 2

Source file was:

#include <omp.h>
int main() {
#ifdef _OPENMP
  return 0;
#else
  breaks_on_purpose
#endif
}

Performing C SOURCE FILE Test OpenMP_FLAG_DETECTED failed with the following output:
Change Dir: /Users/davidanthonydasilva/Desktop/WebComp/lib/fann-master/CMakeFiles/CMakeTmp

Run Build Command:"/usr/bin/make" "cmTC_f38eb/fast"
/Applications/Xcode.app/Contents/Developer/usr/bin/make -f CMakeFiles/cmTC_f38eb.dir/build.make CMakeFiles/cmTC_f38eb.dir/build
Building C object CMakeFiles/cmTC_f38eb.dir/src.c.o
/Applications/Xcode.app/Contents/Developer/Toolchains/XcodeDefault.xctoolchain/usr/bin/cc    -DOpenMP_FLAG_DETECTED -openmp   -o CMakeFiles/cmTC_f38eb.dir/src.c.o   -c /Users/davidanthonydasilva/Desktop/WebComp/lib/fann-master/CMakeFiles/CMakeTmp/src.c
/Users/davidanthonydasilva/Desktop/WebComp/lib/fann-master/CMakeFiles/CMakeTmp/src.c:2:10: fatal error: 'omp.h' file not found
#include <omp.h>
         ^
1 error generated.
make[1]: *** [CMakeFiles/cmTC_f38eb.dir/src.c.o] Error 1
make: *** [cmTC_f38eb/fast] Error 2

Source file was:

#include <omp.h>
int main() {
#ifdef _OPENMP
  return 0;
#else
  breaks_on_purpose
#endif
}

Performing C SOURCE FILE Test OpenMP_FLAG_DETECTED failed with the following output:
Change Dir: /Users/davidanthonydasilva/Desktop/WebComp/lib/fann-master/CMakeFiles/CMakeTmp

Run Build Command:"/usr/bin/make" "cmTC_904ab/fast"
/Applications/Xcode.app/Contents/Developer/usr/bin/make -f CMakeFiles/cmTC_904ab.dir/build.make CMakeFiles/cmTC_904ab.dir/build
Building C object CMakeFiles/cmTC_904ab.dir/src.c.o
/Applications/Xcode.app/Contents/Developer/Toolchains/XcodeDefault.xctoolchain/usr/bin/cc    -DOpenMP_FLAG_DETECTED -xopenmp   -o CMakeFiles/cmTC_904ab.dir/src.c.o   -c /Users/davidanthonydasilva/Desktop/WebComp/lib/fann-master/CMakeFiles/CMakeTmp/src.c
clang: error: language not recognized: 'openmp'
clang: warning: /Users/davidanthonydasilva/Desktop/WebComp/lib/fann-master/CMakeFiles/CMakeTmp/src.c: 'linker' input unused
make[1]: *** [CMakeFiles/cmTC_904ab.dir/src.c.o] Error 1
make: *** [cmTC_904ab/fast] Error 2

Source file was:

#include <omp.h>
int main() {
#ifdef _OPENMP
  return 0;
#else
  breaks_on_purpose
#endif
}

Performing C SOURCE FILE Test OpenMP_FLAG_DETECTED failed with the following output:
Change Dir: /Users/davidanthonydasilva/Desktop/WebComp/lib/fann-master/CMakeFiles/CMakeTmp

Run Build Command:"/usr/bin/make" "cmTC_3adc2/fast"
/Applications/Xcode.app/Contents/Developer/usr/bin/make -f CMakeFiles/cmTC_3adc2.dir/build.make CMakeFiles/cmTC_3adc2.dir/build
Building C object CMakeFiles/cmTC_3adc2.dir/src.c.o
/Applications/Xcode.app/Contents/Developer/Toolchains/XcodeDefault.xctoolchain/usr/bin/cc    -DOpenMP_FLAG_DETECTED +Oopenmp   -o CMakeFiles/cmTC_3adc2.dir/src.c.o   -c /Users/davidanthonydasilva/Desktop/WebComp/lib/fann-master/CMakeFiles/CMakeTmp/src.c
clang: error: no such file or directory: '+Oopenmp'
make[1]: *** [CMakeFiles/cmTC_3adc2.dir/src.c.o] Error 1
make: *** [cmTC_3adc2/fast] Error 2

Source file was:

#include <omp.h>
int main() {
#ifdef _OPENMP
  return 0;
#else
  breaks_on_purpose
#endif
}

Performing C SOURCE FILE Test OpenMP_FLAG_DETECTED failed with the following output:
Change Dir: /Users/davidanthonydasilva/Desktop/WebComp/lib/fann-master/CMakeFiles/CMakeTmp

Run Build Command:"/usr/bin/make" "cmTC_661b1/fast"
/Applications/Xcode.app/Contents/Developer/usr/bin/make -f CMakeFiles/cmTC_661b1.dir/build.make CMakeFiles/cmTC_661b1.dir/build
Building C object CMakeFiles/cmTC_661b1.dir/src.c.o
/Applications/Xcode.app/Contents/Developer/Toolchains/XcodeDefault.xctoolchain/usr/bin/cc    -DOpenMP_FLAG_DETECTED -qsmp   -o CMakeFiles/cmTC_661b1.dir/src.c.o   -c /Users/davidanthonydasilva/Desktop/WebComp/lib/fann-master/CMakeFiles/CMakeTmp/src.c
clang: error: unknown argument: '-qsmp'
make[1]: *** [CMakeFiles/cmTC_661b1.dir/src.c.o] Error 1
make: *** [cmTC_661b1/fast] Error 2

Source file was:

#include <omp.h>
int main() {
#ifdef _OPENMP
  return 0;
#else
  breaks_on_purpose
#endif
}

Performing C SOURCE FILE Test OpenMP_FLAG_DETECTED failed with the following output:
Change Dir: /Users/davidanthonydasilva/Desktop/WebComp/lib/fann-master/CMakeFiles/CMakeTmp

Run Build Command:"/usr/bin/make" "cmTC_1a6c0/fast"
/Applications/Xcode.app/Contents/Developer/usr/bin/make -f CMakeFiles/cmTC_1a6c0.dir/build.make CMakeFiles/cmTC_1a6c0.dir/build
Building C object CMakeFiles/cmTC_1a6c0.dir/src.c.o
/Applications/Xcode.app/Contents/Developer/Toolchains/XcodeDefault.xctoolchain/usr/bin/cc    -DOpenMP_FLAG_DETECTED -mp   -o CMakeFiles/cmTC_1a6c0.dir/src.c.o   -c /Users/davidanthonydasilva/Desktop/WebComp/lib/fann-master/CMakeFiles/CMakeTmp/src.c
clang: error: unknown argument: '-mp'
make[1]: *** [CMakeFiles/cmTC_1a6c0.dir/src.c.o] Error 1
make: *** [cmTC_1a6c0/fast] Error 2

Source file was:

#include <omp.h>
int main() {
#ifdef _OPENMP
  return 0;
#else
  breaks_on_purpose
#endif
}

Performing C++ SOURCE FILE Test OpenMP_FLAG_DETECTED failed with the following output:
Change Dir: /Users/davidanthonydasilva/Desktop/WebComp/lib/fann-master/CMakeFiles/CMakeTmp

Run Build Command:"/usr/bin/make" "cmTC_41237/fast"
/Applications/Xcode.app/Contents/Developer/usr/bin/make -f CMakeFiles/cmTC_41237.dir/build.make CMakeFiles/cmTC_41237.dir/build
Building CXX object CMakeFiles/cmTC_41237.dir/src.cxx.o
/Applications/Xcode.app/Contents/Developer/Toolchains/XcodeDefault.xctoolchain/usr/bin/c++     -DOpenMP_FLAG_DETECTED -fopenmp=libomp   -o CMakeFiles/cmTC_41237.dir/src.cxx.o -c /Users/davidanthonydasilva/Desktop/WebComp/lib/fann-master/CMakeFiles/CMakeTmp/src.cxx
clang: warning: argument unused during compilation: '-fopenmp=libomp'
/Users/davidanthonydasilva/Desktop/WebComp/lib/fann-master/CMakeFiles/CMakeTmp/src.cxx:2:10: fatal error: 'omp.h' file not found
#include <omp.h>
         ^
1 error generated.
make[1]: *** [CMakeFiles/cmTC_41237.dir/src.cxx.o] Error 1
make: *** [cmTC_41237/fast] Error 2

Source file was:

#include <omp.h>
int main() {
#ifdef _OPENMP
  return 0;
#else
  breaks_on_purpose
#endif
}

Performing C++ SOURCE FILE Test OpenMP_FLAG_DETECTED failed with the following output:
Change Dir: /Users/davidanthonydasilva/Desktop/WebComp/lib/fann-master/CMakeFiles/CMakeTmp

Run Build Command:"/usr/bin/make" "cmTC_f5015/fast"
/Applications/Xcode.app/Contents/Developer/usr/bin/make -f CMakeFiles/cmTC_f5015.dir/build.make CMakeFiles/cmTC_f5015.dir/build
Building CXX object CMakeFiles/cmTC_f5015.dir/src.cxx.o
/Applications/Xcode.app/Contents/Developer/Toolchains/XcodeDefault.xctoolchain/usr/bin/c++     -DOpenMP_FLAG_DETECTED   -o CMakeFiles/cmTC_f5015.dir/src.cxx.o -c /Users/davidanthonydasilva/Desktop/WebComp/lib/fann-master/CMakeFiles/CMakeTmp/src.cxx
/Users/davidanthonydasilva/Desktop/WebComp/lib/fann-master/CMakeFiles/CMakeTmp/src.cxx:2:10: fatal error: 'omp.h' file not found
#include <omp.h>
         ^
1 error generated.
make[1]: *** [CMakeFiles/cmTC_f5015.dir/src.cxx.o] Error 1
make: *** [cmTC_f5015/fast] Error 2

Source file was:

#include <omp.h>
int main() {
#ifdef _OPENMP
  return 0;
#else
  breaks_on_purpose
#endif
}

Performing C++ SOURCE FILE Test OpenMP_FLAG_DETECTED failed with the following output:
Change Dir: /Users/davidanthonydasilva/Desktop/WebComp/lib/fann-master/CMakeFiles/CMakeTmp

Run Build Command:"/usr/bin/make" "cmTC_09a5f/fast"
/Applications/Xcode.app/Contents/Developer/usr/bin/make -f CMakeFiles/cmTC_09a5f.dir/build.make CMakeFiles/cmTC_09a5f.dir/build
Building CXX object CMakeFiles/cmTC_09a5f.dir/src.cxx.o
/Applications/Xcode.app/Contents/Developer/Toolchains/XcodeDefault.xctoolchain/usr/bin/c++     -DOpenMP_FLAG_DETECTED -fopenmp   -o CMakeFiles/cmTC_09a5f.dir/src.cxx.o -c /Users/davidanthonydasilva/Desktop/WebComp/lib/fann-master/CMakeFiles/CMakeTmp/src.cxx
/Users/davidanthonydasilva/Desktop/WebComp/lib/fann-master/CMakeFiles/CMakeTmp/src.cxx:2:10: fatal error: 'omp.h' file not found
#include <omp.h>
         ^
1 error generated.
make[1]: *** [CMakeFiles/cmTC_09a5f.dir/src.cxx.o] Error 1
make: *** [cmTC_09a5f/fast] Error 2

Source file was:

#include <omp.h>
int main() {
#ifdef _OPENMP
  return 0;
#else
  breaks_on_purpose
#endif
}

Performing C++ SOURCE FILE Test OpenMP_FLAG_DETECTED failed with the following output:
Change Dir: /Users/davidanthonydasilva/Desktop/WebComp/lib/fann-master/CMakeFiles/CMakeTmp

Run Build Command:"/usr/bin/make" "cmTC_e647d/fast"
/Applications/Xcode.app/Contents/Developer/usr/bin/make -f CMakeFiles/cmTC_e647d.dir/build.make CMakeFiles/cmTC_e647d.dir/build
Building CXX object CMakeFiles/cmTC_e647d.dir/src.cxx.o
/Applications/Xcode.app/Contents/Developer/Toolchains/XcodeDefault.xctoolchain/usr/bin/c++     -DOpenMP_FLAG_DETECTED /openmp   -o CMakeFiles/cmTC_e647d.dir/src.cxx.o -c /Users/davidanthonydasilva/Desktop/WebComp/lib/fann-master/CMakeFiles/CMakeTmp/src.cxx
clang: error: no such file or directory: '/openmp'
make[1]: *** [CMakeFiles/cmTC_e647d.dir/src.cxx.o] Error 1
make: *** [cmTC_e647d/fast] Error 2

Source file was:

#include <omp.h>
int main() {
#ifdef _OPENMP
  return 0;
#else
  breaks_on_purpose
#endif
}

Performing C++ SOURCE FILE Test OpenMP_FLAG_DETECTED failed with the following output:
Change Dir: /Users/davidanthonydasilva/Desktop/WebComp/lib/fann-master/CMakeFiles/CMakeTmp

Run Build Command:"/usr/bin/make" "cmTC_d6963/fast"
/Applications/Xcode.app/Contents/Developer/usr/bin/make -f CMakeFiles/cmTC_d6963.dir/build.make CMakeFiles/cmTC_d6963.dir/build
Building CXX object CMakeFiles/cmTC_d6963.dir/src.cxx.o
/Applications/Xcode.app/Contents/Developer/Toolchains/XcodeDefault.xctoolchain/usr/bin/c++     -DOpenMP_FLAG_DETECTED -Qopenmp   -o CMakeFiles/cmTC_d6963.dir/src.cxx.o -c /Users/davidanthonydasilva/Desktop/WebComp/lib/fann-master/CMakeFiles/CMakeTmp/src.cxx
clang: error: unknown argument: '-Qopenmp'
make[1]: *** [CMakeFiles/cmTC_d6963.dir/src.cxx.o] Error 1
make: *** [cmTC_d6963/fast] Error 2

Source file was:

#include <omp.h>
int main() {
#ifdef _OPENMP
  return 0;
#else
  breaks_on_purpose
#endif
}

Performing C++ SOURCE FILE Test OpenMP_FLAG_DETECTED failed with the following output:
Change Dir: /Users/davidanthonydasilva/Desktop/WebComp/lib/fann-master/CMakeFiles/CMakeTmp

Run Build Command:"/usr/bin/make" "cmTC_c9a33/fast"
/Applications/Xcode.app/Contents/Developer/usr/bin/make -f CMakeFiles/cmTC_c9a33.dir/build.make CMakeFiles/cmTC_c9a33.dir/build
Building CXX object CMakeFiles/cmTC_c9a33.dir/src.cxx.o
/Applications/Xcode.app/Contents/Developer/Toolchains/XcodeDefault.xctoolchain/usr/bin/c++     -DOpenMP_FLAG_DETECTED -openmp   -o CMakeFiles/cmTC_c9a33.dir/src.cxx.o -c /Users/davidanthonydasilva/Desktop/WebComp/lib/fann-master/CMakeFiles/CMakeTmp/src.cxx
/Users/davidanthonydasilva/Desktop/WebComp/lib/fann-master/CMakeFiles/CMakeTmp/src.cxx:2:10: fatal error: 'omp.h' file not found
#include <omp.h>
         ^
1 error generated.
make[1]: *** [CMakeFiles/cmTC_c9a33.dir/src.cxx.o] Error 1
make: *** [cmTC_c9a33/fast] Error 2

Source file was:

#include <omp.h>
int main() {
#ifdef _OPENMP
  return 0;
#else
  breaks_on_purpose
#endif
}

Performing C++ SOURCE FILE Test OpenMP_FLAG_DETECTED failed with the following output:
Change Dir: /Users/davidanthonydasilva/Desktop/WebComp/lib/fann-master/CMakeFiles/CMakeTmp

Run Build Command:"/usr/bin/make" "cmTC_557d6/fast"
/Applications/Xcode.app/Contents/Developer/usr/bin/make -f CMakeFiles/cmTC_557d6.dir/build.make CMakeFiles/cmTC_557d6.dir/build
Building CXX object CMakeFiles/cmTC_557d6.dir/src.cxx.o
/Applications/Xcode.app/Contents/Developer/Toolchains/XcodeDefault.xctoolchain/usr/bin/c++     -DOpenMP_FLAG_DETECTED -xopenmp   -o CMakeFiles/cmTC_557d6.dir/src.cxx.o -c /Users/davidanthonydasilva/Desktop/WebComp/lib/fann-master/CMakeFiles/CMakeTmp/src.cxx
clang: error: language not recognized: 'openmp'
clang: warning: /Users/davidanthonydasilva/Desktop/WebComp/lib/fann-master/CMakeFiles/CMakeTmp/src.cxx: 'linker' input unused
make[1]: *** [CMakeFiles/cmTC_557d6.dir/src.cxx.o] Error 1
make: *** [cmTC_557d6/fast] Error 2

Source file was:

#include <omp.h>
int main() {
#ifdef _OPENMP
  return 0;
#else
  breaks_on_purpose
#endif
}

Performing C++ SOURCE FILE Test OpenMP_FLAG_DETECTED failed with the following output:
Change Dir: /Users/davidanthonydasilva/Desktop/WebComp/lib/fann-master/CMakeFiles/CMakeTmp

Run Build Command:"/usr/bin/make" "cmTC_1fe36/fast"
/Applications/Xcode.app/Contents/Developer/usr/bin/make -f CMakeFiles/cmTC_1fe36.dir/build.make CMakeFiles/cmTC_1fe36.dir/build
Building CXX object CMakeFiles/cmTC_1fe36.dir/src.cxx.o
/Applications/Xcode.app/Contents/Developer/Toolchains/XcodeDefault.xctoolchain/usr/bin/c++     -DOpenMP_FLAG_DETECTED +Oopenmp   -o CMakeFiles/cmTC_1fe36.dir/src.cxx.o -c /Users/davidanthonydasilva/Desktop/WebComp/lib/fann-master/CMakeFiles/CMakeTmp/src.cxx
clang: error: no such file or directory: '+Oopenmp'
make[1]: *** [CMakeFiles/cmTC_1fe36.dir/src.cxx.o] Error 1
make: *** [cmTC_1fe36/fast] Error 2

Source file was:

#include <omp.h>
int main() {
#ifdef _OPENMP
  return 0;
#else
  breaks_on_purpose
#endif
}

Performing C++ SOURCE FILE Test OpenMP_FLAG_DETECTED failed with the following output:
Change Dir: /Users/davidanthonydasilva/Desktop/WebComp/lib/fann-master/CMakeFiles/CMakeTmp

Run Build Command:"/usr/bin/make" "cmTC_6210c/fast"
/Applications/Xcode.app/Contents/Developer/usr/bin/make -f CMakeFiles/cmTC_6210c.dir/build.make CMakeFiles/cmTC_6210c.dir/build
Building CXX object CMakeFiles/cmTC_6210c.dir/src.cxx.o
/Applications/Xcode.app/Contents/Developer/Toolchains/XcodeDefault.xctoolchain/usr/bin/c++     -DOpenMP_FLAG_DETECTED -qsmp   -o CMakeFiles/cmTC_6210c.dir/src.cxx.o -c /Users/davidanthonydasilva/Desktop/WebComp/lib/fann-master/CMakeFiles/CMakeTmp/src.cxx
clang: error: unknown argument: '-qsmp'
make[1]: *** [CMakeFiles/cmTC_6210c.dir/src.cxx.o] Error 1
make: *** [cmTC_6210c/fast] Error 2

Source file was:

#include <omp.h>
int main() {
#ifdef _OPENMP
  return 0;
#else
  breaks_on_purpose
#endif
}

Performing C++ SOURCE FILE Test OpenMP_FLAG_DETECTED failed with the following output:
Change Dir: /Users/davidanthonydasilva/Desktop/WebComp/lib/fann-master/CMakeFiles/CMakeTmp

Run Build Command:"/usr/bin/make" "cmTC_55286/fast"
/Applications/Xcode.app/Contents/Developer/usr/bin/make -f CMakeFiles/cmTC_55286.dir/build.make CMakeFiles/cmTC_55286.dir/build
Building CXX object CMakeFiles/cmTC_55286.dir/src.cxx.o
/Applications/Xcode.app/Contents/Developer/Toolchains/XcodeDefault.xctoolchain/usr/bin/c++     -DOpenMP_FLAG_DETECTED -mp   -o CMakeFiles/cmTC_55286.dir/src.cxx.o -c /Users/davidanthonydasilva/Desktop/WebComp/lib/fann-master/CMakeFiles/CMakeTmp/src.cxx
clang: error: unknown argument: '-mp'
make[1]: *** [CMakeFiles/cmTC_55286.dir/src.cxx.o] Error 1
make: *** [cmTC_55286/fast] Error 2

Source file was:

#include <omp.h>
int main() {
#ifdef _OPENMP
  return 0;
#else
  breaks_on_purpose
#endif
}

Performing C SOURCE FILE Test OpenMP_FLAG_DETECTED failed with the following output:
Change Dir: /Users/davidanthonydasilva/Desktop/WebComp/lib/fann-master/CMakeFiles/CMakeTmp

Run Build Command:"/usr/bin/make" "cmTC_4e512/fast"
/Applications/Xcode.app/Contents/Developer/usr/bin/make -f CMakeFiles/cmTC_4e512.dir/build.make CMakeFiles/cmTC_4e512.dir/build
Building C object CMakeFiles/cmTC_4e512.dir/src.c.o
/Applications/Xcode.app/Contents/Developer/Toolchains/XcodeDefault.xctoolchain/usr/bin/cc    -DOpenMP_FLAG_DETECTED -fopenmp=libomp   -o CMakeFiles/cmTC_4e512.dir/src.c.o   -c /Users/davidanthonydasilva/Desktop/WebComp/lib/fann-master/CMakeFiles/CMakeTmp/src.c
clang: warning: argument unused during compilation: '-fopenmp=libomp'
/Users/davidanthonydasilva/Desktop/WebComp/lib/fann-master/CMakeFiles/CMakeTmp/src.c:2:10: fatal error: 'omp.h' file not found
#include <omp.h>
         ^
1 error generated.
make[2]: *** [CMakeFiles/cmTC_4e512.dir/src.c.o] Error 1
make[1]: *** [cmTC_4e512/fast] Error 2

Source file was:

#include <omp.h>
int main() {
#ifdef _OPENMP
  return 0;
#else
  breaks_on_purpose
#endif
}

Performing C SOURCE FILE Test OpenMP_FLAG_DETECTED failed with the following output:
Change Dir: /Users/davidanthonydasilva/Desktop/WebComp/lib/fann-master/CMakeFiles/CMakeTmp

Run Build Command:"/usr/bin/make" "cmTC_fb794/fast"
/Applications/Xcode.app/Contents/Developer/usr/bin/make -f CMakeFiles/cmTC_fb794.dir/build.make CMakeFiles/cmTC_fb794.dir/build
Building C object CMakeFiles/cmTC_fb794.dir/src.c.o
/Applications/Xcode.app/Contents/Developer/Toolchains/XcodeDefault.xctoolchain/usr/bin/cc    -DOpenMP_FLAG_DETECTED   -o CMakeFiles/cmTC_fb794.dir/src.c.o   -c /Users/davidanthonydasilva/Desktop/WebComp/lib/fann-master/CMakeFiles/CMakeTmp/src.c
/Users/davidanthonydasilva/Desktop/WebComp/lib/fann-master/CMakeFiles/CMakeTmp/src.c:2:10: fatal error: 'omp.h' file not found
#include <omp.h>
         ^
1 error generated.
make[2]: *** [CMakeFiles/cmTC_fb794.dir/src.c.o] Error 1
make[1]: *** [cmTC_fb794/fast] Error 2

Source file was:

#include <omp.h>
int main() {
#ifdef _OPENMP
  return 0;
#else
  breaks_on_purpose
#endif
}

Performing C SOURCE FILE Test OpenMP_FLAG_DETECTED failed with the following output:
Change Dir: /Users/davidanthonydasilva/Desktop/WebComp/lib/fann-master/CMakeFiles/CMakeTmp

Run Build Command:"/usr/bin/make" "cmTC_e0052/fast"
/Applications/Xcode.app/Contents/Developer/usr/bin/make -f CMakeFiles/cmTC_e0052.dir/build.make CMakeFiles/cmTC_e0052.dir/build
Building C object CMakeFiles/cmTC_e0052.dir/src.c.o
/Applications/Xcode.app/Contents/Developer/Toolchains/XcodeDefault.xctoolchain/usr/bin/cc    -DOpenMP_FLAG_DETECTED -fopenmp   -o CMakeFiles/cmTC_e0052.dir/src.c.o   -c /Users/davidanthonydasilva/Desktop/WebComp/lib/fann-master/CMakeFiles/CMakeTmp/src.c
/Users/davidanthonydasilva/Desktop/WebComp/lib/fann-master/CMakeFiles/CMakeTmp/src.c:2:10: fatal error: 'omp.h' file not found
#include <omp.h>
         ^
1 error generated.
make[2]: *** [CMakeFiles/cmTC_e0052.dir/src.c.o] Error 1
make[1]: *** [cmTC_e0052/fast] Error 2

Source file was:

#include <omp.h>
int main() {
#ifdef _OPENMP
  return 0;
#else
  breaks_on_purpose
#endif
}

Performing C SOURCE FILE Test OpenMP_FLAG_DETECTED failed with the following output:
Change Dir: /Users/davidanthonydasilva/Desktop/WebComp/lib/fann-master/CMakeFiles/CMakeTmp

Run Build Command:"/usr/bin/make" "cmTC_f3303/fast"
/Applications/Xcode.app/Contents/Developer/usr/bin/make -f CMakeFiles/cmTC_f3303.dir/build.make CMakeFiles/cmTC_f3303.dir/build
Building C object CMakeFiles/cmTC_f3303.dir/src.c.o
/Applications/Xcode.app/Contents/Developer/Toolchains/XcodeDefault.xctoolchain/usr/bin/cc    -DOpenMP_FLAG_DETECTED /openmp   -o CMakeFiles/cmTC_f3303.dir/src.c.o   -c /Users/davidanthonydasilva/Desktop/WebComp/lib/fann-master/CMakeFiles/CMakeTmp/src.c
clang: error: no such file or directory: '/openmp'
make[2]: *** [CMakeFiles/cmTC_f3303.dir/src.c.o] Error 1
make[1]: *** [cmTC_f3303/fast] Error 2

Source file was:

#include <omp.h>
int main() {
#ifdef _OPENMP
  return 0;
#else
  breaks_on_purpose
#endif
}

Performing C SOURCE FILE Test OpenMP_FLAG_DETECTED failed with the following output:
Change Dir: /Users/davidanthonydasilva/Desktop/WebComp/lib/fann-master/CMakeFiles/CMakeTmp

Run Build Command:"/usr/bin/make" "cmTC_f771a/fast"
/Applications/Xcode.app/Contents/Developer/usr/bin/make -f CMakeFiles/cmTC_f771a.dir/build.make CMakeFiles/cmTC_f771a.dir/build
Building C object CMakeFiles/cmTC_f771a.dir/src.c.o
/Applications/Xcode.app/Contents/Developer/Toolchains/XcodeDefault.xctoolchain/usr/bin/cc    -DOpenMP_FLAG_DETECTED -Qopenmp   -o CMakeFiles/cmTC_f771a.dir/src.c.o   -c /Users/davidanthonydasilva/Desktop/WebComp/lib/fann-master/CMakeFiles/CMakeTmp/src.c
clang: error: unknown argument: '-Qopenmp'
make[2]: *** [CMakeFiles/cmTC_f771a.dir/src.c.o] Error 1
make[1]: *** [cmTC_f771a/fast] Error 2

Source file was:

#include <omp.h>
int main() {
#ifdef _OPENMP
  return 0;
#else
  breaks_on_purpose
#endif
}

Performing C SOURCE FILE Test OpenMP_FLAG_DETECTED failed with the following output:
Change Dir: /Users/davidanthonydasilva/Desktop/WebComp/lib/fann-master/CMakeFiles/CMakeTmp

Run Build Command:"/usr/bin/make" "cmTC_07c12/fast"
/Applications/Xcode.app/Contents/Developer/usr/bin/make -f CMakeFiles/cmTC_07c12.dir/build.make CMakeFiles/cmTC_07c12.dir/build
Building C object CMakeFiles/cmTC_07c12.dir/src.c.o
/Applications/Xcode.app/Contents/Developer/Toolchains/XcodeDefault.xctoolchain/usr/bin/cc    -DOpenMP_FLAG_DETECTED -openmp   -o CMakeFiles/cmTC_07c12.dir/src.c.o   -c /Users/davidanthonydasilva/Desktop/WebComp/lib/fann-master/CMakeFiles/CMakeTmp/src.c
/Users/davidanthonydasilva/Desktop/WebComp/lib/fann-master/CMakeFiles/CMakeTmp/src.c:2:10: fatal error: 'omp.h' file not found
#include <omp.h>
         ^
1 error generated.
make[2]: *** [CMakeFiles/cmTC_07c12.dir/src.c.o] Error 1
make[1]: *** [cmTC_07c12/fast] Error 2

Source file was:

#include <omp.h>
int main() {
#ifdef _OPENMP
  return 0;
#else
  breaks_on_purpose
#endif
}

Performing C SOURCE FILE Test OpenMP_FLAG_DETECTED failed with the following output:
Change Dir: /Users/davidanthonydasilva/Desktop/WebComp/lib/fann-master/CMakeFiles/CMakeTmp

Run Build Command:"/usr/bin/make" "cmTC_b465e/fast"
/Applications/Xcode.app/Contents/Developer/usr/bin/make -f CMakeFiles/cmTC_b465e.dir/build.make CMakeFiles/cmTC_b465e.dir/build
Building C object CMakeFiles/cmTC_b465e.dir/src.c.o
/Applications/Xcode.app/Contents/Developer/Toolchains/XcodeDefault.xctoolchain/usr/bin/cc    -DOpenMP_FLAG_DETECTED -xopenmp   -o CMakeFiles/cmTC_b465e.dir/src.c.o   -c /Users/davidanthonydasilva/Desktop/WebComp/lib/fann-master/CMakeFiles/CMakeTmp/src.c
clang: error: language not recognized: 'openmp'
clang: warning: /Users/davidanthonydasilva/Desktop/WebComp/lib/fann-master/CMakeFiles/CMakeTmp/src.c: 'linker' input unused
make[2]: *** [CMakeFiles/cmTC_b465e.dir/src.c.o] Error 1
make[1]: *** [cmTC_b465e/fast] Error 2

Source file was:

#include <omp.h>
int main() {
#ifdef _OPENMP
  return 0;
#else
  breaks_on_purpose
#endif
}

Performing C SOURCE FILE Test OpenMP_FLAG_DETECTED failed with the following output:
Change Dir: /Users/davidanthonydasilva/Desktop/WebComp/lib/fann-master/CMakeFiles/CMakeTmp

Run Build Command:"/usr/bin/make" "cmTC_44ad7/fast"
/Applications/Xcode.app/Contents/Developer/usr/bin/make -f CMakeFiles/cmTC_44ad7.dir/build.make CMakeFiles/cmTC_44ad7.dir/build
Building C object CMakeFiles/cmTC_44ad7.dir/src.c.o
/Applications/Xcode.app/Contents/Developer/Toolchains/XcodeDefault.xctoolchain/usr/bin/cc    -DOpenMP_FLAG_DETECTED +Oopenmp   -o CMakeFiles/cmTC_44ad7.dir/src.c.o   -c /Users/davidanthonydasilva/Desktop/WebComp/lib/fann-master/CMakeFiles/CMakeTmp/src.c
clang: error: no such file or directory: '+Oopenmp'
make[2]: *** [CMakeFiles/cmTC_44ad7.dir/src.c.o] Error 1
make[1]: *** [cmTC_44ad7/fast] Error 2

Source file was:

#include <omp.h>
int main() {
#ifdef _OPENMP
  return 0;
#else
  breaks_on_purpose
#endif
}

Performing C SOURCE FILE Test OpenMP_FLAG_DETECTED failed with the following output:
Change Dir: /Users/davidanthonydasilva/Desktop/WebComp/lib/fann-master/CMakeFiles/CMakeTmp

Run Build Command:"/usr/bin/make" "cmTC_4891e/fast"
/Applications/Xcode.app/Contents/Developer/usr/bin/make -f CMakeFiles/cmTC_4891e.dir/build.make CMakeFiles/cmTC_4891e.dir/build
Building C object CMakeFiles/cmTC_4891e.dir/src.c.o
/Applications/Xcode.app/Contents/Developer/Toolchains/XcodeDefault.xctoolchain/usr/bin/cc    -DOpenMP_FLAG_DETECTED -qsmp   -o CMakeFiles/cmTC_4891e.dir/src.c.o   -c /Users/davidanthonydasilva/Desktop/WebComp/lib/fann-master/CMakeFiles/CMakeTmp/src.c
clang: error: unknown argument: '-qsmp'
make[2]: *** [CMakeFiles/cmTC_4891e.dir/src.c.o] Error 1
make[1]: *** [cmTC_4891e/fast] Error 2

Source file was:

#include <omp.h>
int main() {
#ifdef _OPENMP
  return 0;
#else
  breaks_on_purpose
#endif
}

Performing C SOURCE FILE Test OpenMP_FLAG_DETECTED failed with the following output:
Change Dir: /Users/davidanthonydasilva/Desktop/WebComp/lib/fann-master/CMakeFiles/CMakeTmp

Run Build Command:"/usr/bin/make" "cmTC_c7dd5/fast"
/Applications/Xcode.app/Contents/Developer/usr/bin/make -f CMakeFiles/cmTC_c7dd5.dir/build.make CMakeFiles/cmTC_c7dd5.dir/build
Building C object CMakeFiles/cmTC_c7dd5.dir/src.c.o
/Applications/Xcode.app/Contents/Developer/Toolchains/XcodeDefault.xctoolchain/usr/bin/cc    -DOpenMP_FLAG_DETECTED -mp   -o CMakeFiles/cmTC_c7dd5.dir/src.c.o   -c /Users/davidanthonydasilva/Desktop/WebComp/lib/fann-master/CMakeFiles/CMakeTmp/src.c
clang: error: unknown argument: '-mp'
make[2]: *** [CMakeFiles/cmTC_c7dd5.dir/src.c.o] Error 1
make[1]: *** [cmTC_c7dd5/fast] Error 2

Source file was:

#include <omp.h>
int main() {
#ifdef _OPENMP
  return 0;
#else
  breaks_on_purpose
#endif
}

Performing C++ SOURCE FILE Test OpenMP_FLAG_DETECTED failed with the following output:
Change Dir: /Users/davidanthonydasilva/Desktop/WebComp/lib/fann-master/CMakeFiles/CMakeTmp

Run Build Command:"/usr/bin/make" "cmTC_4d549/fast"
/Applications/Xcode.app/Contents/Developer/usr/bin/make -f CMakeFiles/cmTC_4d549.dir/build.make CMakeFiles/cmTC_4d549.dir/build
Building CXX object CMakeFiles/cmTC_4d549.dir/src.cxx.o
/Applications/Xcode.app/Contents/Developer/Toolchains/XcodeDefault.xctoolchain/usr/bin/c++     -DOpenMP_FLAG_DETECTED -fopenmp=libomp   -o CMakeFiles/cmTC_4d549.dir/src.cxx.o -c /Users/davidanthonydasilva/Desktop/WebComp/lib/fann-master/CMakeFiles/CMakeTmp/src.cxx
clang: warning: argument unused during compilation: '-fopenmp=libomp'
/Users/davidanthonydasilva/Desktop/WebComp/lib/fann-master/CMakeFiles/CMakeTmp/src.cxx:2:10: fatal error: 'omp.h' file not found
#include <omp.h>
         ^
1 error generated.
make[2]: *** [CMakeFiles/cmTC_4d549.dir/src.cxx.o] Error 1
make[1]: *** [cmTC_4d549/fast] Error 2

Source file was:

#include <omp.h>
int main() {
#ifdef _OPENMP
  return 0;
#else
  breaks_on_purpose
#endif
}

Performing C++ SOURCE FILE Test OpenMP_FLAG_DETECTED failed with the following output:
Change Dir: /Users/davidanthonydasilva/Desktop/WebComp/lib/fann-master/CMakeFiles/CMakeTmp

Run Build Command:"/usr/bin/make" "cmTC_8c703/fast"
/Applications/Xcode.app/Contents/Developer/usr/bin/make -f CMakeFiles/cmTC_8c703.dir/build.make CMakeFiles/cmTC_8c703.dir/build
Building CXX object CMakeFiles/cmTC_8c703.dir/src.cxx.o
/Applications/Xcode.app/Contents/Developer/Toolchains/XcodeDefault.xctoolchain/usr/bin/c++     -DOpenMP_FLAG_DETECTED   -o CMakeFiles/cmTC_8c703.dir/src.cxx.o -c /Users/davidanthonydasilva/Desktop/WebComp/lib/fann-master/CMakeFiles/CMakeTmp/src.cxx
/Users/davidanthonydasilva/Desktop/WebComp/lib/fann-master/CMakeFiles/CMakeTmp/src.cxx:2:10: fatal error: 'omp.h' file not found
#include <omp.h>
         ^
1 error generated.
make[2]: *** [CMakeFiles/cmTC_8c703.dir/src.cxx.o] Error 1
make[1]: *** [cmTC_8c703/fast] Error 2

Source file was:

#include <omp.h>
int main() {
#ifdef _OPENMP
  return 0;
#else
  breaks_on_purpose
#endif
}

Performing C++ SOURCE FILE Test OpenMP_FLAG_DETECTED failed with the following output:
Change Dir: /Users/davidanthonydasilva/Desktop/WebComp/lib/fann-master/CMakeFiles/CMakeTmp

Run Build Command:"/usr/bin/make" "cmTC_c30a4/fast"
/Applications/Xcode.app/Contents/Developer/usr/bin/make -f CMakeFiles/cmTC_c30a4.dir/build.make CMakeFiles/cmTC_c30a4.dir/build
Building CXX object CMakeFiles/cmTC_c30a4.dir/src.cxx.o
/Applications/Xcode.app/Contents/Developer/Toolchains/XcodeDefault.xctoolchain/usr/bin/c++     -DOpenMP_FLAG_DETECTED -fopenmp   -o CMakeFiles/cmTC_c30a4.dir/src.cxx.o -c /Users/davidanthonydasilva/Desktop/WebComp/lib/fann-master/CMakeFiles/CMakeTmp/src.cxx
/Users/davidanthonydasilva/Desktop/WebComp/lib/fann-master/CMakeFiles/CMakeTmp/src.cxx:2:10: fatal error: 'omp.h' file not found
#include <omp.h>
         ^
1 error generated.
make[2]: *** [CMakeFiles/cmTC_c30a4.dir/src.cxx.o] Error 1
make[1]: *** [cmTC_c30a4/fast] Error 2

Source file was:

#include <omp.h>
int main() {
#ifdef _OPENMP
  return 0;
#else
  breaks_on_purpose
#endif
}

Performing C++ SOURCE FILE Test OpenMP_FLAG_DETECTED failed with the following output:
Change Dir: /Users/davidanthonydasilva/Desktop/WebComp/lib/fann-master/CMakeFiles/CMakeTmp

Run Build Command:"/usr/bin/make" "cmTC_5741e/fast"
/Applications/Xcode.app/Contents/Developer/usr/bin/make -f CMakeFiles/cmTC_5741e.dir/build.make CMakeFiles/cmTC_5741e.dir/build
Building CXX object CMakeFiles/cmTC_5741e.dir/src.cxx.o
/Applications/Xcode.app/Contents/Developer/Toolchains/XcodeDefault.xctoolchain/usr/bin/c++     -DOpenMP_FLAG_DETECTED /openmp   -o CMakeFiles/cmTC_5741e.dir/src.cxx.o -c /Users/davidanthonydasilva/Desktop/WebComp/lib/fann-master/CMakeFiles/CMakeTmp/src.cxx
clang: error: no such file or directory: '/openmp'
make[2]: *** [CMakeFiles/cmTC_5741e.dir/src.cxx.o] Error 1
make[1]: *** [cmTC_5741e/fast] Error 2

Source file was:

#include <omp.h>
int main() {
#ifdef _OPENMP
  return 0;
#else
  breaks_on_purpose
#endif
}

Performing C++ SOURCE FILE Test OpenMP_FLAG_DETECTED failed with the following output:
Change Dir: /Users/davidanthonydasilva/Desktop/WebComp/lib/fann-master/CMakeFiles/CMakeTmp

Run Build Command:"/usr/bin/make" "cmTC_cd0b5/fast"
/Applications/Xcode.app/Contents/Developer/usr/bin/make -f CMakeFiles/cmTC_cd0b5.dir/build.make CMakeFiles/cmTC_cd0b5.dir/build
Building CXX object CMakeFiles/cmTC_cd0b5.dir/src.cxx.o
/Applications/Xcode.app/Contents/Developer/Toolchains/XcodeDefault.xctoolchain/usr/bin/c++     -DOpenMP_FLAG_DETECTED -Qopenmp   -o CMakeFiles/cmTC_cd0b5.dir/src.cxx.o -c /Users/davidanthonydasilva/Desktop/WebComp/lib/fann-master/CMakeFiles/CMakeTmp/src.cxx
clang: error: unknown argument: '-Qopenmp'
make[2]: *** [CMakeFiles/cmTC_cd0b5.dir/src.cxx.o] Error 1
make[1]: *** [cmTC_cd0b5/fast] Error 2

Source file was:

#include <omp.h>
int main() {
#ifdef _OPENMP
  return 0;
#else
  breaks_on_purpose
#endif
}

Performing C++ SOURCE FILE Test OpenMP_FLAG_DETECTED failed with the following output:
Change Dir: /Users/davidanthonydasilva/Desktop/WebComp/lib/fann-master/CMakeFiles/CMakeTmp

Run Build Command:"/usr/bin/make" "cmTC_b8d42/fast"
/Applications/Xcode.app/Contents/Developer/usr/bin/make -f CMakeFiles/cmTC_b8d42.dir/build.make CMakeFiles/cmTC_b8d42.dir/build
Building CXX object CMakeFiles/cmTC_b8d42.dir/src.cxx.o
/Applications/Xcode.app/Contents/Developer/Toolchains/XcodeDefault.xctoolchain/usr/bin/c++     -DOpenMP_FLAG_DETECTED -openmp   -o CMakeFiles/cmTC_b8d42.dir/src.cxx.o -c /Users/davidanthonydasilva/Desktop/WebComp/lib/fann-master/CMakeFiles/CMakeTmp/src.cxx
/Users/davidanthonydasilva/Desktop/WebComp/lib/fann-master/CMakeFiles/CMakeTmp/src.cxx:2:10: fatal error: 'omp.h' file not found
#include <omp.h>
         ^
1 error generated.
make[2]: *** [CMakeFiles/cmTC_b8d42.dir/src.cxx.o] Error 1
make[1]: *** [cmTC_b8d42/fast] Error 2

Source file was:

#include <omp.h>
int main() {
#ifdef _OPENMP
  return 0;
#else
  breaks_on_purpose
#endif
}

Performing C++ SOURCE FILE Test OpenMP_FLAG_DETECTED failed with the following output:
Change Dir: /Users/davidanthonydasilva/Desktop/WebComp/lib/fann-master/CMakeFiles/CMakeTmp

Run Build Command:"/usr/bin/make" "cmTC_d2198/fast"
/Applications/Xcode.app/Contents/Developer/usr/bin/make -f CMakeFiles/cmTC_d2198.dir/build.make CMakeFiles/cmTC_d2198.dir/build
Building CXX object CMakeFiles/cmTC_d2198.dir/src.cxx.o
/Applications/Xcode.app/Contents/Developer/Toolchains/XcodeDefault.xctoolchain/usr/bin/c++     -DOpenMP_FLAG_DETECTED -xopenmp   -o CMakeFiles/cmTC_d2198.dir/src.cxx.o -c /Users/davidanthonydasilva/Desktop/WebComp/lib/fann-master/CMakeFiles/CMakeTmp/src.cxx
clang: error: language not recognized: 'openmp'
clang: warning: /Users/davidanthonydasilva/Desktop/WebComp/lib/fann-master/CMakeFiles/CMakeTmp/src.cxx: 'linker' input unused
make[2]: *** [CMakeFiles/cmTC_d2198.dir/src.cxx.o] Error 1
make[1]: *** [cmTC_d2198/fast] Error 2

Source file was:

#include <omp.h>
int main() {
#ifdef _OPENMP
  return 0;
#else
  breaks_on_purpose
#endif
}

Performing C++ SOURCE FILE Test OpenMP_FLAG_DETECTED failed with the following output:
Change Dir: /Users/davidanthonydasilva/Desktop/WebComp/lib/fann-master/CMakeFiles/CMakeTmp

Run Build Command:"/usr/bin/make" "cmTC_3dd7c/fast"
/Applications/Xcode.app/Contents/Developer/usr/bin/make -f CMakeFiles/cmTC_3dd7c.dir/build.make CMakeFiles/cmTC_3dd7c.dir/build
Building CXX object CMakeFiles/cmTC_3dd7c.dir/src.cxx.o
/Applications/Xcode.app/Contents/Developer/Toolchains/XcodeDefault.xctoolchain/usr/bin/c++     -DOpenMP_FLAG_DETECTED +Oopenmp   -o CMakeFiles/cmTC_3dd7c.dir/src.cxx.o -c /Users/davidanthonydasilva/Desktop/WebComp/lib/fann-master/CMakeFiles/CMakeTmp/src.cxx
clang: error: no such file or directory: '+Oopenmp'
make[2]: *** [CMakeFiles/cmTC_3dd7c.dir/src.cxx.o] Error 1
make[1]: *** [cmTC_3dd7c/fast] Error 2

Source file was:

#include <omp.h>
int main() {
#ifdef _OPENMP
  return 0;
#else
  breaks_on_purpose
#endif
}

Performing C++ SOURCE FILE Test OpenMP_FLAG_DETECTED failed with the following output:
Change Dir: /Users/davidanthonydasilva/Desktop/WebComp/lib/fann-master/CMakeFiles/CMakeTmp

Run Build Command:"/usr/bin/make" "cmTC_7c121/fast"
/Applications/Xcode.app/Contents/Developer/usr/bin/make -f CMakeFiles/cmTC_7c121.dir/build.make CMakeFiles/cmTC_7c121.dir/build
Building CXX object CMakeFiles/cmTC_7c121.dir/src.cxx.o
/Applications/Xcode.app/Contents/Developer/Toolchains/XcodeDefault.xctoolchain/usr/bin/c++     -DOpenMP_FLAG_DETECTED -qsmp   -o CMakeFiles/cmTC_7c121.dir/src.cxx.o -c /Users/davidanthonydasilva/Desktop/WebComp/lib/fann-master/CMakeFiles/CMakeTmp/src.cxx
clang: error: unknown argument: '-qsmp'
make[2]: *** [CMakeFiles/cmTC_7c121.dir/src.cxx.o] Error 1
make[1]: *** [cmTC_7c121/fast] Error 2

Source file was:

#include <omp.h>
int main() {
#ifdef _OPENMP
  return 0;
#else
  breaks_on_purpose
#endif
}

Performing C++ SOURCE FILE Test OpenMP_FLAG_DETECTED failed with the following output:
Change Dir: /Users/davidanthonydasilva/Desktop/WebComp/lib/fann-master/CMakeFiles/CMakeTmp

Run Build Command:"/usr/bin/make" "cmTC_1db60/fast"
/Applications/Xcode.app/Contents/Developer/usr/bin/make -f CMakeFiles/cmTC_1db60.dir/build.make CMakeFiles/cmTC_1db60.dir/build
Building CXX object CMakeFiles/cmTC_1db60.dir/src.cxx.o
/Applications/Xcode.app/Contents/Developer/Toolchains/XcodeDefault.xctoolchain/usr/bin/c++     -DOpenMP_FLAG_DETECTED -mp   -o CMakeFiles/cmTC_1db60.dir/src.cxx.o -c /Users/davidanthonydasilva/Desktop/WebComp/lib/fann-master/CMakeFiles/CMakeTmp/src.cxx
clang: error: unknown argument: '-mp'
make[2]: *** [CMakeFiles/cmTC_1db60.dir/src.cxx.o] Error 1
make[1]: *** [cmTC_1db60/fast] Error 2

Source file was:

#include <omp.h>
int main() {
#ifdef _OPENMP
  return 0;
#else
  breaks_on_purpose
#endif
}

